This file contains any messages produced by compilers while
running configure, to aid debugging if configure makes a mistake.

It was created by auctex configure 11.87, which was
generated by GNU Autoconf 2.63.  Invocation command line was

  $ ./configure --no-create --no-recursion

## --------- ##
## Platform. ##
## --------- ##

hostname = pulsar.inf.ethz.ch
uname -m = x86_64
uname -r = 2.6.32-358.14.1.el6.x86_64
uname -s = Linux
uname -v = #1 SMP Mon Jun 17 15:54:20 EDT 2013

/usr/bin/uname -p = unknown
/bin/uname -X     = unknown

/bin/arch              = x86_64
/usr/bin/arch -k       = unknown
/usr/convex/getsysinfo = unknown
/usr/bin/hostinfo      = unknown
/bin/machine           = unknown
/usr/bin/oslevel       = unknown
/bin/universe          = unknown

PATH: /usr/lib64/qt-3.3/bin
PATH: /usr/local/bin
PATH: /usr/bin
PATH: /bin
PATH: /home/bastiaba/bin
PATH: /usr/local/sbin
PATH: /usr/sbin
PATH: /sbin
PATH: /usr/local/rvm/bin
PATH: /opt/depot_tools
PATH: /home/bastiaba/bin
PATH: /opt/depot_tools


## ----------- ##
## Core tests. ##
## ----------- ##

configure:1803: checking for make
configure:1819: found /usr/bin/make
configure:1830: result: make
configure:1848: checking whether make sets $(MAKE)
configure:1870: result: yes
configure:1924: checking for a BSD-compatible install
configure:1992: result: /usr/bin/install -c
configure:2005: checking for date in ChangeLog
configure:2014: result: 2012-11-30
configure:2016: checking for release in ChangeLog
configure:2025: result: 11.87
configure:2080: checking for emacs
configure:2098: found /usr/bin/emacs
configure:2110: result: /usr/bin/emacs
configure:2128: checking if /usr/bin/emacs is XEmacs
/usr/bin/emacs -batch -no-site-file -eval (let* ((x (if (featurep (quote xemacs)) "yes" "no"))) (write-region (if (stringp x) x (prin1-to-string x)) nil "./conftest-29203"))
Wrote /home/bastiaba/.emacs.d/extensions/auctex-11.87/conftest-29203
=> no
configure:2150: result: no
configure:2154: checking for Emacs prefix
/usr/bin/emacs -batch -no-site-file -eval (let* ((cmd(pop command-line-args-left))(x (condition-case nil (let*
    ((prefix (directory-file-name (file-name-directory (executable-find cmd))))
     (parent (directory-file-name (file-name-directory prefix))))
    (if (string= (file-name-nondirectory prefix) "bin")
        (setq prefix parent)
      (if (string= (file-name-nondirectory parent) "bin")
         (setq prefix (directory-file-name (file-name-directory parent)))))
    prefix) (error NONE)))) (write-region (if (stringp x) x (prin1-to-string x)) nil "./conftest-29203")) /usr/bin/emacs
Wrote /home/bastiaba/.emacs.d/extensions/auctex-11.87/conftest-29203
=> /usr
configure:2173: result: "/usr"
configure:2205: checking if Emacs is recent enough
/usr/bin/emacs -batch -no-site-file -eval (let* ((x (cond ((< emacs-major-version 21) "no")
			 ((> emacs-major-version 21) "yes")
			 ((< emacs-minor-version 01) "no")
			 (t "yes")))) (write-region (if (stringp x) x (prin1-to-string x)) nil "./conftest-29203"))
Wrote /home/bastiaba/.emacs.d/extensions/auctex-11.87/conftest-29203
=> yes
configure:2219: result: yes
configure:2231: checking for MULE support
/usr/bin/emacs -batch -eval (let* ((x (condition-case nil (require 'mule ) 	(error (prog1 nil (message "mule not found")))))) (write-region (if (stringp x) x (prin1-to-string x)) nil "./conftest-29203"))
Wrote /home/bastiaba/.emacs.d/extensions/auctex-11.87/conftest-29203
=> mule
configure:2265: result: yes
configure:2312: checking if build directory is valid
/usr/bin/emacs -batch -eval (let* ((x (if (or (member (directory-file-name default-directory) load-path)	      (member (file-name-as-directory default-directory) load-path))	 "no" "yes"))) (write-region (if (stringp x) x (prin1-to-string x)) nil "./conftest-29203"))
Wrote /home/bastiaba/.emacs.d/extensions/auctex-11.87/conftest-29203
=> yes
configure:2330: result: yes
configure:2420: checking where lisp files go
/usr/bin/emacs -batch -eval (let* ((prefix(pop command-line-args-left)) (expanded(pop command-line-args-left)) (x (catch 22
       (let (reldir (dirs load-path))
	  (dolist (name (list "emacs/site-lisp" "emacs/site-packages"
	         "site-lisp" "site-packages") "NONE")
	    (dolist (dir dirs)
	      (when (and dir
	      	         (setq dir (directory-file-name dir))
                         (file-name-absolute-p dir)
	      	         (file-directory-p dir)
	                 (not (string-match "\\`\\.\\."
                           (setq reldir (file-relative-name dir expanded))))
			 (not (file-name-absolute-p reldir))
                         (let ((name name) (dir dir))
		           (while (and dir name
		                       (string= (file-name-nondirectory dir)
		                                (file-name-nondirectory name))
                              (setq dir (file-name-directory dir)
				   name (file-name-directory name))
			      (if (and dir name)
			         (setq dir (directory-file-name dir)
			              name (directory-file-name name)))))
		            (null name))
		   (throw 22
                      (if (string= reldir ".") (directory-file-name prefix)
                        (concat (file-name-as-directory prefix)
                                reldir))))))))))) (write-region (if (stringp x) x (prin1-to-string x)) nil "./conftest-29203")) ${datadir}/emacs /usr/local/share/emacs
Wrote /home/bastiaba/.emacs.d/extensions/auctex-11.87/conftest-29203
=> NONE
/usr/bin/emacs -batch -eval (let* ((prefix(pop command-line-args-left)) (expanded(pop command-line-args-left)) (x (catch 22
       (let (reldir (dirs load-path))
	  (dolist (name (list "emacs/site-lisp" "emacs/site-packages"
	         "site-lisp" "site-packages") "NONE")
	    (dolist (dir dirs)
	      (when (and dir
	      	         (setq dir (directory-file-name dir))
                         (file-name-absolute-p dir)
	      	         (file-directory-p dir)
	                 (not (string-match "\\`\\.\\."
                           (setq reldir (file-relative-name dir expanded))))
			 (not (file-name-absolute-p reldir))
                         (let ((name name) (dir dir))
		           (while (and dir name
		                       (string= (file-name-nondirectory dir)
		                                (file-name-nondirectory name))
                              (setq dir (file-name-directory dir)
				   name (file-name-directory name))
			      (if (and dir name)
			         (setq dir (directory-file-name dir)
			              name (directory-file-name name)))))
		            (null name))
		   (throw 22
                      (if (string= reldir ".") (directory-file-name prefix)
                        (concat (file-name-as-directory prefix)
                                reldir))))))))))) (write-region (if (stringp x) x (prin1-to-string x)) nil "./conftest-29203")) ${libdir}/emacs /usr/local/lib/emacs
Wrote /home/bastiaba/.emacs.d/extensions/auctex-11.87/conftest-29203
=> NONE
/usr/bin/emacs -batch -eval (let* ((prefix(pop command-line-args-left)) (expanded(pop command-line-args-left)) (x (catch 22
       (let (reldir (dirs load-path))
	  (dolist (name (list "emacs/site-lisp" "emacs/site-packages"
	         "site-lisp" "site-packages") "NONE")
	    (dolist (dir dirs)
	      (when (and dir
	      	         (setq dir (directory-file-name dir))
                         (file-name-absolute-p dir)
	      	         (file-directory-p dir)
	                 (not (string-match "\\`\\.\\."
                           (setq reldir (file-relative-name dir expanded))))
			 (not (file-name-absolute-p reldir))
                         (let ((name name) (dir dir))
		           (while (and dir name
		                       (string= (file-name-nondirectory dir)
		                                (file-name-nondirectory name))
                              (setq dir (file-name-directory dir)
				   name (file-name-directory name))
			      (if (and dir name)
			         (setq dir (directory-file-name dir)
			              name (directory-file-name name)))))
		            (null name))
		   (throw 22
                      (if (string= reldir ".") (directory-file-name prefix)
                        (concat (file-name-as-directory prefix)
                                reldir))))))))))) (write-region (if (stringp x) x (prin1-to-string x)) nil "./conftest-29203")) /usr/share/emacs /usr/share/emacs
Wrote /home/bastiaba/.emacs.d/extensions/auctex-11.87/conftest-29203
=> /usr/share/emacs/site-lisp
configure:2495: result: /usr/share/emacs/site-lisp
configure:2499: checking what file to use for auctex startup
configure:2526: result: /usr/share/emacs/site-lisp/site-start.d/auctex.el
configure:2544: checking where the package lisp files go
/usr/bin/emacs -batch -no-site-file -eval (let* ((path(pop command-line-args-left)) (lispdir(pop command-line-args-left)) (startup(pop command-line-args-left)) (target(pop command-line-args-left))(x (progn (setq path (directory-file-name path))
  (if (or target
          (not (string= (car load-path) (directory-file-name (car load-path)))))
    (setq path (file-name-as-directory path)))
  (setq path (expand-file-name path lispdir))
  (setq startupdir (file-name-directory (expand-file-name startup lispdir)))
  (prin1-to-string
    (if (or (string-match "\\`\\.\\."
              (setq relname (file-relative-name startupdir lispdir)))
            (file-name-absolute-p relname)
	    (string-match "\\`\\.\\."
              (setq relname (file-relative-name path lispdir)))
 	    (file-name-absolute-p relname))
	  (concat path target)
	(cond (target
	       `(expand-file-name
                   ,(file-relative-name (concat path target) startupdir)
	           (file-name-directory load-file-name)))
              ((string= path startupdir)
	         '(file-name-directory load-file-name))
	      ((string= path (directory-file-name startupdir))
                 '(directory-file-name (file-name-directory load-file-name)))
              (t
	       `(expand-file-name
                   ,(file-relative-name path startupdir)
	           (file-name-directory load-file-name))))))))) (write-region (if (stringp x) x (prin1-to-string x)) nil "./conftest-29203")) /usr/share/emacs/site-lisp/auctex /usr/share/emacs/site-lisp /usr/share/emacs/site-lisp/tex-site.el
Wrote /home/bastiaba/.emacs.d/extensions/auctex-11.87/conftest-29203
=> (expand-file-name "auctex" (file-name-directory load-file-name))
configure:2625: result: /usr/share/emacs/site-lisp/auctex
configure:2628: checking where the data files go
/usr/bin/emacs -batch -no-site-file -eval (let* ((path(pop command-line-args-left)) (lispdir(pop command-line-args-left)) (startup(pop command-line-args-left)) (target(pop command-line-args-left))(x (progn (setq path (directory-file-name path))
  (if (or target
          (not (string= (car load-path) (directory-file-name (car load-path)))))
    (setq path (file-name-as-directory path)))
  (setq path (expand-file-name path lispdir))
  (setq startupdir (file-name-directory (expand-file-name startup lispdir)))
  (prin1-to-string
    (if (or (string-match "\\`\\.\\."
              (setq relname (file-relative-name startupdir lispdir)))
            (file-name-absolute-p relname)
	    (string-match "\\`\\.\\."
              (setq relname (file-relative-name path lispdir)))
 	    (file-name-absolute-p relname))
	  (concat path target)
	(cond (target
	       `(expand-file-name
                   ,(file-relative-name (concat path target) startupdir)
	           (file-name-directory load-file-name)))
              ((string= path startupdir)
	         '(file-name-directory load-file-name))
	      ((string= path (directory-file-name startupdir))
                 '(directory-file-name (file-name-directory load-file-name)))
              (t
	       `(expand-file-name
                   ,(file-relative-name path startupdir)
	           (file-name-directory load-file-name))))))))) (write-region (if (stringp x) x (prin1-to-string x)) nil "./conftest-29203")) /usr/share/emacs/site-lisp/auctex /usr/share/emacs/site-lisp /usr/share/emacs/site-lisp/tex-site.el
Wrote /home/bastiaba/.emacs.d/extensions/auctex-11.87/conftest-29203
=> (expand-file-name "auctex" (file-name-directory load-file-name))
configure:2709: result: /usr/share/emacs/site-lisp/auctex
/usr/bin/emacs -batch -no-site-file -eval (let* ((path(pop command-line-args-left)) (lispdir(pop command-line-args-left)) (startup(pop command-line-args-left)) (target(pop command-line-args-left))(x (progn (setq path (directory-file-name path))
  (if (or target
          (not (string= (car load-path) (directory-file-name (car load-path)))))
    (setq path (file-name-as-directory path)))
  (setq path (expand-file-name path lispdir))
  (setq startupdir (file-name-directory (expand-file-name startup lispdir)))
  (prin1-to-string
    (if (or (string-match "\\`\\.\\."
              (setq relname (file-relative-name startupdir lispdir)))
            (file-name-absolute-p relname)
	    (string-match "\\`\\.\\."
              (setq relname (file-relative-name path lispdir)))
 	    (file-name-absolute-p relname))
	  (concat path target)
	(cond (target
	       `(expand-file-name
                   ,(file-relative-name (concat path target) startupdir)
	           (file-name-directory load-file-name)))
              ((string= path startupdir)
	         '(file-name-directory load-file-name))
	      ((string= path (directory-file-name startupdir))
                 '(directory-file-name (file-name-directory load-file-name)))
              (t
	       `(expand-file-name
                   ,(file-relative-name path startupdir)
	           (file-name-directory load-file-name))))))))) (write-region (if (stringp x) x (prin1-to-string x)) nil "./conftest-29203"))  /usr/share/emacs/site-lisp /usr/share/emacs/site-lisp/site-start.d/auctex.el tex-site.el
Wrote /home/bastiaba/.emacs.d/extensions/auctex-11.87/conftest-29203
=> (expand-file-name "../tex-site.el" (file-name-directory load-file-name))
configure:2786: checking where the info files go
configure:2788: result: ${datarootdir}/info
configure:2799: checking where automatically generated global style hooks go
configure:2809: result: ${localstatedir}/auctex
/usr/bin/emacs -batch -no-site-file -eval (let* ((path(pop command-line-args-left)) (lispdir(pop command-line-args-left)) (startup(pop command-line-args-left)) (target(pop command-line-args-left))(x (progn (setq path (directory-file-name path))
  (if (or target
          (not (string= (car load-path) (directory-file-name (car load-path)))))
    (setq path (file-name-as-directory path)))
  (setq path (expand-file-name path lispdir))
  (setq startupdir (file-name-directory (expand-file-name startup lispdir)))
  (prin1-to-string
    (if (or (string-match "\\`\\.\\."
              (setq relname (file-relative-name startupdir lispdir)))
            (file-name-absolute-p relname)
	    (string-match "\\`\\.\\."
              (setq relname (file-relative-name path lispdir)))
 	    (file-name-absolute-p relname))
	  (concat path target)
	(cond (target
	       `(expand-file-name
                   ,(file-relative-name (concat path target) startupdir)
	           (file-name-directory load-file-name)))
              ((string= path startupdir)
	         '(file-name-directory load-file-name))
	      ((string= path (directory-file-name startupdir))
                 '(directory-file-name (file-name-directory load-file-name)))
              (t
	       `(expand-file-name
                   ,(file-relative-name path startupdir)
	           (file-name-directory load-file-name))))))))) (write-region (if (stringp x) x (prin1-to-string x)) nil "./conftest-29203")) /usr/local/var/auctex /usr/share/emacs/site-lisp /usr/share/emacs/site-lisp/tex-site.el
Wrote /home/bastiaba/.emacs.d/extensions/auctex-11.87/conftest-29203
=> "/usr/local/var/auctex"
configure:2889: checking for tex
configure:2907: found /usr/bin/tex
configure:2920: result: /usr/bin/tex
configure:2930: checking for pdftex
configure:2948: found /usr/bin/pdftex
configure:2961: result: /usr/bin/pdftex
configure:2971: checking for dvips
configure:2989: found /usr/bin/dvips
configure:3002: result: /usr/bin/dvips
configure:3017: checking for perl
configure:3035: found /usr/bin/perl
configure:3048: result: /usr/bin/perl
configure:3062: checking for makeinfo
configure:3080: found /usr/bin/makeinfo
configure:3093: result: /usr/bin/makeinfo
configure:3103: checking for texi2html
configure:3121: found /usr/bin/texi2html
configure:3134: result: /usr/bin/texi2html
configure:3144: checking for texi2dvi
configure:3175: result: :
configure:3185: checking for texi2pdf
configure:3216: result: :
configure:3231: checking for install-info
configure:3249: found /sbin/install-info
configure:3262: result: /sbin/install-info
configure:3525: creating ./config.status

## ---------------- ##
## Cache variables. ##
## ---------------- ##

ac_cv_env_INSTALL_INFO_set=
ac_cv_env_INSTALL_INFO_value=
ac_cv_env_MAKEINFO_set=
ac_cv_env_MAKEINFO_value=
ac_cv_env_PERL_set=
ac_cv_env_PERL_value=
ac_cv_env_build_alias_set=
ac_cv_env_build_alias_value=
ac_cv_env_host_alias_set=
ac_cv_env_host_alias_value=
ac_cv_env_target_alias_set=
ac_cv_env_target_alias_value=
ac_cv_path_DVIPS=/usr/bin/dvips
ac_cv_path_EMACS=/usr/bin/emacs
ac_cv_path_INSTALL_INFO=/sbin/install-info
ac_cv_path_MAKEINFO=/usr/bin/makeinfo
ac_cv_path_PDFTEX=/usr/bin/pdftex
ac_cv_path_PERL=/usr/bin/perl
ac_cv_path_TEX=/usr/bin/tex
ac_cv_path_TEXI2DVI=:
ac_cv_path_TEXI2HTML=/usr/bin/texi2html
ac_cv_path_TEXI2PDF=:
ac_cv_path_install='/usr/bin/install -c'
ac_cv_prog_MAKECMD=make
ac_cv_prog_make_make_set=yes

## ----------------- ##
## Output variables. ##
## ----------------- ##

AUCTEXDATE='2012-11-30'
AUCTEXVERSION='11.87'
DEFS='-DPACKAGE_NAME=\"auctex\" -DPACKAGE_TARNAME=\"auctex\" -DPACKAGE_VERSION=\"11.87\" -DPACKAGE_STRING=\"auctex\ 11.87\" -DPACKAGE_BUGREPORT=\"bug-auctex@gnu.org\"'
DVIPS='/usr/bin/dvips'
ECHO_C=''
ECHO_N='-n'
ECHO_T=''
EMACS='/usr/bin/emacs'
EMACS_FLAVOR='emacs'
HAVE_mule='yes'
INSTALL_DATA='${INSTALL} -m 644'
INSTALL_INFO='/sbin/install-info'
INSTALL_PROGRAM='${INSTALL}'
INSTALL_SCRIPT='${INSTALL}'
LIBOBJS=''
LIBS=''
LTLIBOBJS=''
MAKECMD='make'
MAKEINFO='/usr/bin/makeinfo'
MULEELC='tex-jp.elc'
MULESRC='tex-jp.el'
PACKAGE_BUGREPORT='bug-auctex@gnu.org'
PACKAGE_NAME='auctex'
PACKAGE_STRING='auctex 11.87'
PACKAGE_TARNAME='auctex'
PACKAGE_VERSION='11.87'
PATH_SEPARATOR=':'
PDFTEX='/usr/bin/pdftex'
PERL='/usr/bin/perl'
SET_MAKE=''
SHELL='/bin/sh'
TEX='/usr/bin/tex'
TEXI2DVI=':'
TEXI2HTML='/usr/bin/texi2html'
TEXI2PDF=':'
XEMACS='no'
auctexstartfile='/usr/share/emacs/site-lisp/site-start.d/auctex.el'
autodir='${localstatedir}/auctex'
bindir='${exec_prefix}/bin'
build_alias=''
datadir='${datarootdir}'
datarootdir='${prefix}/share'
docdir='${datarootdir}/doc/${PACKAGE_TARNAME}'
dvidir='${docdir}'
exec_prefix='${prefix}'
host_alias=''
htmldir='${docdir}'
includedir='${prefix}/include'
infodir='${datarootdir}/info'
libdir='${exec_prefix}/lib'
libexecdir='${exec_prefix}/libexec'
lispautodir='"/usr/local/var/auctex"'
lispdir='/usr/share/emacs/site-lisp'
lisppackagedatadir='(expand-file-name "auctex" (file-name-directory load-file-name))'
lisppackagelispdir='(expand-file-name "auctex" (file-name-directory load-file-name))'
lisptexsite='(expand-file-name "../tex-site.el" (file-name-directory load-file-name))'
localedir='${datarootdir}/locale'
localstatedir='${prefix}/var'
mandir='${datarootdir}/man'
oldincludedir='/usr/include'
packagedatadir='/usr/share/emacs/site-lisp/auctex'
packagedir='no'
packagelispdir='/usr/share/emacs/site-lisp/auctex'
pdfdir='${docdir}'
prefix='/usr/local'
preview_enabled='yes'
program_transform_name='s,x,x,'
psdir='${docdir}'
sbindir='${exec_prefix}/sbin'
sharedstatedir='${prefix}/com'
subdirs=' preview'
sysconfdir='${prefix}/etc'
target_alias=''
texsite=''

## ----------- ##
## confdefs.h. ##
## ----------- ##

#define PACKAGE_NAME "auctex"
#define PACKAGE_TARNAME "auctex"
#define PACKAGE_VERSION "11.87"
#define PACKAGE_STRING "auctex 11.87"
#define PACKAGE_BUGREPORT "bug-auctex@gnu.org"

configure: exit 0

## ---------------------- ##
## Running config.status. ##
## ---------------------- ##

This file was extended by auctex config.status 11.87, which was
generated by GNU Autoconf 2.63.  Invocation command line was

  CONFIG_FILES    = 
  CONFIG_HEADERS  = 
  CONFIG_LINKS    = 
  CONFIG_COMMANDS = 
  $ ./config.status 

on pulsar.inf.ethz.ch

config.status:673: creating Makefile
config.status:673: creating tex-site.el.out
config.status:673: creating doc/Makefile
config.status:673: creating auctex.el
