This file contains any messages produced by compilers while
running configure, to aid debugging if configure makes a mistake.

It was created by preview-latex configure 11.84, which was
generated by GNU Autoconf 2.63.  Invocation command line was

  $ ./configure --disable-option-checking --prefix=/usr/local --cache-file=/dev/null --srcdir=. --no-create --no-recursion

## --------- ##
## Platform. ##
## --------- ##

hostname = pulsar.inf.ethz.ch
uname -m = x86_64
uname -r = 2.6.32-358.14.1.el6.x86_64
uname -s = Linux
uname -v = #1 SMP Mon Jun 17 15:54:20 EDT 2013

/usr/bin/uname -p = unknown
/bin/uname -X     = unknown

/bin/arch              = x86_64
/usr/bin/arch -k       = unknown
/usr/convex/getsysinfo = unknown
/usr/bin/hostinfo      = unknown
/bin/machine           = unknown
/usr/bin/oslevel       = unknown
/bin/universe          = unknown

PATH: /usr/lib64/qt-3.3/bin
PATH: /usr/local/bin
PATH: /usr/bin
PATH: /bin
PATH: /home/bastiaba/bin
PATH: /usr/local/sbin
PATH: /usr/sbin
PATH: /sbin
PATH: /usr/local/rvm/bin
PATH: /opt/depot_tools
PATH: /home/bastiaba/bin
PATH: /opt/depot_tools


## ----------- ##
## Core tests. ##
## ----------- ##

configure:1788: checking whether make sets $(MAKE)
configure:1810: result: yes
configure:1864: checking for a BSD-compatible install
configure:1932: result: /usr/bin/install -c
configure:1999: checking for emacs
configure:2017: found /usr/bin/emacs
configure:2029: result: /usr/bin/emacs
configure:2047: checking if /usr/bin/emacs is XEmacs
/usr/bin/emacs -batch -no-site-file -eval (let* ((x (if (featurep (quote xemacs)) "yes" "no"))) (write-region (if (stringp x) x (prin1-to-string x)) nil "./conftest-31447"))
Wrote /home/bastiaba/.emacs.d/extensions/auctex-11.87/preview/conftest-31447
=> no
configure:2069: result: no
configure:2073: checking for Emacs prefix
/usr/bin/emacs -batch -no-site-file -eval (let* ((cmd(pop command-line-args-left))(x (condition-case nil (let*
    ((prefix (directory-file-name (file-name-directory (executable-find cmd))))
     (parent (directory-file-name (file-name-directory prefix))))
    (if (string= (file-name-nondirectory prefix) "bin")
        (setq prefix parent)
      (if (string= (file-name-nondirectory parent) "bin")
         (setq prefix (directory-file-name (file-name-directory parent)))))
    prefix) (error NONE)))) (write-region (if (stringp x) x (prin1-to-string x)) nil "./conftest-31447")) /usr/bin/emacs
Wrote /home/bastiaba/.emacs.d/extensions/auctex-11.87/preview/conftest-31447
=> /usr
configure:2092: result: "/usr"
configure:2124: checking if Emacs is recent enough
/usr/bin/emacs -batch -no-site-file -eval (let* ((x (cond ((< emacs-major-version 21) "no")
			 ((> emacs-major-version 21) "yes")
			 ((< emacs-minor-version 01) "no")
			 (t "yes")))) (write-region (if (stringp x) x (prin1-to-string x)) nil "./conftest-31447"))
Wrote /home/bastiaba/.emacs.d/extensions/auctex-11.87/preview/conftest-31447
=> yes
configure:2138: result: yes
configure:2180: checking if build directory is valid
/usr/bin/emacs -batch -eval (let* ((x (if (or (member (directory-file-name default-directory) load-path)	      (member (file-name-as-directory default-directory) load-path))	 "no" "yes"))) (write-region (if (stringp x) x (prin1-to-string x)) nil "./conftest-31447"))
Wrote /home/bastiaba/.emacs.d/extensions/auctex-11.87/preview/conftest-31447
=> yes
configure:2198: result: yes
configure:2290: checking where lisp files go
/usr/bin/emacs -batch -eval (let* ((prefix(pop command-line-args-left)) (expanded(pop command-line-args-left)) (x (catch 22
       (let (reldir (dirs load-path))
	  (dolist (name (list "emacs/site-lisp" "emacs/site-packages"
	         "site-lisp" "site-packages") "NONE")
	    (dolist (dir dirs)
	      (when (and dir
	      	         (setq dir (directory-file-name dir))
                         (file-name-absolute-p dir)
	      	         (file-directory-p dir)
	                 (not (string-match "\\`\\.\\."
                           (setq reldir (file-relative-name dir expanded))))
			 (not (file-name-absolute-p reldir))
                         (let ((name name) (dir dir))
		           (while (and dir name
		                       (string= (file-name-nondirectory dir)
		                                (file-name-nondirectory name))
                              (setq dir (file-name-directory dir)
				   name (file-name-directory name))
			      (if (and dir name)
			         (setq dir (directory-file-name dir)
			              name (directory-file-name name)))))
		            (null name))
		   (throw 22
                      (if (string= reldir ".") (directory-file-name prefix)
                        (concat (file-name-as-directory prefix)
                                reldir))))))))))) (write-region (if (stringp x) x (prin1-to-string x)) nil "./conftest-31447")) ${datadir}/emacs /usr/local/share/emacs
Wrote /home/bastiaba/.emacs.d/extensions/auctex-11.87/preview/conftest-31447
=> NONE
/usr/bin/emacs -batch -eval (let* ((prefix(pop command-line-args-left)) (expanded(pop command-line-args-left)) (x (catch 22
       (let (reldir (dirs load-path))
	  (dolist (name (list "emacs/site-lisp" "emacs/site-packages"
	         "site-lisp" "site-packages") "NONE")
	    (dolist (dir dirs)
	      (when (and dir
	      	         (setq dir (directory-file-name dir))
                         (file-name-absolute-p dir)
	      	         (file-directory-p dir)
	                 (not (string-match "\\`\\.\\."
                           (setq reldir (file-relative-name dir expanded))))
			 (not (file-name-absolute-p reldir))
                         (let ((name name) (dir dir))
		           (while (and dir name
		                       (string= (file-name-nondirectory dir)
		                                (file-name-nondirectory name))
                              (setq dir (file-name-directory dir)
				   name (file-name-directory name))
			      (if (and dir name)
			         (setq dir (directory-file-name dir)
			              name (directory-file-name name)))))
		            (null name))
		   (throw 22
                      (if (string= reldir ".") (directory-file-name prefix)
                        (concat (file-name-as-directory prefix)
                                reldir))))))))))) (write-region (if (stringp x) x (prin1-to-string x)) nil "./conftest-31447")) ${libdir}/emacs /usr/local/lib/emacs
Wrote /home/bastiaba/.emacs.d/extensions/auctex-11.87/preview/conftest-31447
=> NONE
/usr/bin/emacs -batch -eval (let* ((prefix(pop command-line-args-left)) (expanded(pop command-line-args-left)) (x (catch 22
       (let (reldir (dirs load-path))
	  (dolist (name (list "emacs/site-lisp" "emacs/site-packages"
	         "site-lisp" "site-packages") "NONE")
	    (dolist (dir dirs)
	      (when (and dir
	      	         (setq dir (directory-file-name dir))
                         (file-name-absolute-p dir)
	      	         (file-directory-p dir)
	                 (not (string-match "\\`\\.\\."
                           (setq reldir (file-relative-name dir expanded))))
			 (not (file-name-absolute-p reldir))
                         (let ((name name) (dir dir))
		           (while (and dir name
		                       (string= (file-name-nondirectory dir)
		                                (file-name-nondirectory name))
                              (setq dir (file-name-directory dir)
				   name (file-name-directory name))
			      (if (and dir name)
			         (setq dir (directory-file-name dir)
			              name (directory-file-name name)))))
		            (null name))
		   (throw 22
                      (if (string= reldir ".") (directory-file-name prefix)
                        (concat (file-name-as-directory prefix)
                                reldir))))))))))) (write-region (if (stringp x) x (prin1-to-string x)) nil "./conftest-31447")) /usr/share/emacs /usr/share/emacs
Wrote /home/bastiaba/.emacs.d/extensions/auctex-11.87/preview/conftest-31447
=> /usr/share/emacs/site-lisp
configure:2365: result: /usr/share/emacs/site-lisp
configure:2369: checking what file to use for preview startup
configure:2396: result: /usr/share/emacs/site-lisp/site-start.d/preview-latex.el
configure:2410: checking where the package lisp files go
/usr/bin/emacs -batch -no-site-file -eval (let* ((path(pop command-line-args-left)) (lispdir(pop command-line-args-left)) (startup(pop command-line-args-left)) (target(pop command-line-args-left))(x (progn (setq path (directory-file-name path))
  (if (or target
          (not (string= (car load-path) (directory-file-name (car load-path)))))
    (setq path (file-name-as-directory path)))
  (setq path (expand-file-name path lispdir))
  (setq startupdir (file-name-directory (expand-file-name startup lispdir)))
  (prin1-to-string
    (if (or (string-match "\\`\\.\\."
              (setq relname (file-relative-name startupdir lispdir)))
            (file-name-absolute-p relname)
	    (string-match "\\`\\.\\."
              (setq relname (file-relative-name path lispdir)))
 	    (file-name-absolute-p relname))
	  (concat path target)
	(cond (target
	       `(expand-file-name
                   ,(file-relative-name (concat path target) startupdir)
	           (file-name-directory load-file-name)))
              ((string= path startupdir)
	         '(file-name-directory load-file-name))
	      ((string= path (directory-file-name startupdir))
                 '(directory-file-name (file-name-directory load-file-name)))
              (t
	       `(expand-file-name
                   ,(file-relative-name path startupdir)
	           (file-name-directory load-file-name))))))))) (write-region (if (stringp x) x (prin1-to-string x)) nil "./conftest-31447")) /usr/share/emacs/site-lisp/preview /usr/share/emacs/site-lisp /usr/share/emacs/site-lisp/site-start.d/preview-latex.el
Wrote /home/bastiaba/.emacs.d/extensions/auctex-11.87/preview/conftest-31447
=> (expand-file-name "../preview" (file-name-directory load-file-name))
configure:2491: result: /usr/share/emacs/site-lisp/preview
configure:2494: checking where the data files go
/usr/bin/emacs -batch -no-site-file -eval (let* ((path(pop command-line-args-left)) (lispdir(pop command-line-args-left)) (startup(pop command-line-args-left)) (target(pop command-line-args-left))(x (progn (setq path (directory-file-name path))
  (if (or target
          (not (string= (car load-path) (directory-file-name (car load-path)))))
    (setq path (file-name-as-directory path)))
  (setq path (expand-file-name path lispdir))
  (setq startupdir (file-name-directory (expand-file-name startup lispdir)))
  (prin1-to-string
    (if (or (string-match "\\`\\.\\."
              (setq relname (file-relative-name startupdir lispdir)))
            (file-name-absolute-p relname)
	    (string-match "\\`\\.\\."
              (setq relname (file-relative-name path lispdir)))
 	    (file-name-absolute-p relname))
	  (concat path target)
	(cond (target
	       `(expand-file-name
                   ,(file-relative-name (concat path target) startupdir)
	           (file-name-directory load-file-name)))
              ((string= path startupdir)
	         '(file-name-directory load-file-name))
	      ((string= path (directory-file-name startupdir))
                 '(directory-file-name (file-name-directory load-file-name)))
              (t
	       `(expand-file-name
                   ,(file-relative-name path startupdir)
	           (file-name-directory load-file-name))))))))) (write-region (if (stringp x) x (prin1-to-string x)) nil "./conftest-31447")) /usr/share/emacs/site-lisp/preview /usr/share/emacs/site-lisp /usr/share/emacs/site-lisp/site-start.d/preview-latex.el
Wrote /home/bastiaba/.emacs.d/extensions/auctex-11.87/preview/conftest-31447
=> (expand-file-name "../preview" (file-name-directory load-file-name))
configure:2575: result: /usr/share/emacs/site-lisp/preview
configure:2582: checking for the location of AUCTeX's tex-site.el
/usr/bin/emacs -batch -eval (let* ((x (condition-case nil
             (directory-file-name (file-name-directory
                (locate-library "tex-site")))
	    (error "")))) (write-region (if (stringp x) x (prin1-to-string x)) nil "./conftest-31447"))
Wrote /home/bastiaba/.emacs.d/extensions/auctex-11.87/preview/conftest-31447
=> /usr/share/emacs/site-lisp
configure:2636: result: /usr/share/emacs/site-lisp
configure:2647: checking for gs
configure:2663: found /usr/bin/gs
configure:2674: result: gs
/usr/bin/emacs -batch -no-site-file -eval (let* ((dir(pop command-line-args-left))(x (if (member dir (list "NONE" (if (eq system-type 'windows-nt) "GSWIN32C.EXE" "gs"))) "" `(defvar preview-gs-command ,dir)))) (write-region (if (stringp x) x (prin1-to-string x)) nil "./conftest-31447")) gs
Wrote /home/bastiaba/.emacs.d/extensions/auctex-11.87/preview/conftest-31447
=> 
configure:2702: checking for latex
configure:2720: found /usr/bin/latex
configure:2733: result: /usr/bin/latex
configure:2752: checking for pdflatex
configure:2770: found /usr/bin/pdflatex
configure:2782: result: /usr/bin/pdflatex
configure:2801: checking for tex
configure:2819: found /usr/bin/tex
configure:2832: result: /usr/bin/tex
configure:2944: checking for prefix from kpsepath
/usr/bin/emacs -batch -no-site-file -eval (let* ((cmd(pop command-line-args-left))(x (condition-case nil (let*
    ((prefix (directory-file-name (file-name-directory (executable-find cmd))))
     (parent (directory-file-name (file-name-directory prefix))))
    (if (string= (file-name-nondirectory prefix) "bin")
        (setq prefix parent)
      (if (string= (file-name-nondirectory parent) "bin")
         (setq prefix (directory-file-name (file-name-directory parent)))))
    prefix) (error NONE)))) (write-region (if (stringp x) x (prin1-to-string x)) nil "./conftest-31447")) kpsepath
Wrote /home/bastiaba/.emacs.d/extensions/auctex-11.87/preview/conftest-31447
=> /usr
configure:2968: result: "/usr"
configure:2971: checking for TDS-compliant directory
/usr/bin/emacs -batch -no-site-file -eval (let* ((prefix(pop command-line-args-left)) (expanded(pop command-line-args-left)) (pathoutput(pop command-line-args-left))(x (catch 22
       (let (reldir (dirs (mapcar (lambda(x)
              (and (string-match "\\`!*\\(.*\\)/tex/latex//+\\'" x)
	           (match-string 1 x)))
      (append (split-string pathoutput ";")
             (split-string pathoutput ":")))))
	  (dolist (name (list nil) "NONE")
	    (dolist (dir dirs)
	      (when (and dir
	      	         (setq dir (directory-file-name dir))
                         (file-name-absolute-p dir)
	      	         (file-directory-p dir)
	                 (not (string-match "\\`\\.\\."
                           (setq reldir (file-relative-name dir expanded))))
			 (not (file-name-absolute-p reldir))
                         (let ((name name) (dir dir))
		           (while (and dir name
		                       (string= (file-name-nondirectory dir)
		                                (file-name-nondirectory name))
                              (setq dir (file-name-directory dir)
				   name (file-name-directory name))
			      (if (and dir name)
			         (setq dir (directory-file-name dir)
			              name (directory-file-name name)))))
		            (null name))
		   (throw 22
                      (if (string= reldir ".") (directory-file-name prefix)
                        (concat (file-name-as-directory prefix)
                                reldir))))))))))) (write-region (if (stringp x) x (prin1-to-string x)) nil "./conftest-31447")) ${datadir}/texmf /usr/local/share/texmf .:/home/bastiaba/.texlive2007/texmf-config/tex/latex//:/home/bastiaba/.texlive2007/texmf-var/tex/latex//:/home/bastiaba/texmf/tex/latex//:/etc/texmf/tex/latex//:!!/var/lib/texmf/tex/latex//:!!/usr/local/share/texmf/tex/latex//:!!/usr/share/texmf/tex/latex//:!!/usr/share/texmf/tex/latex//:/home/bastiaba/.texlive2007/texmf-config/tex/generic//:/home/bastiaba/.texlive2007/texmf-var/tex/generic//:/home/bastiaba/texmf/tex/generic//:/etc/texmf/tex/generic//:!!/var/lib/texmf/tex/generic//:!!/usr/local/share/texmf/tex/generic//:!!/usr/share/texmf/tex/generic//:!!/usr/share/texmf/tex/generic//:/home/bastiaba/.texlive2007/texmf-config/tex///:/home/bastiaba/.texlive2007/texmf-var/tex///:/home/bastiaba/texmf/tex///:/etc/texmf/tex///:!!/var/lib/texmf/tex///:!!/usr/local/share/texmf/tex///:!!/usr/share/texmf/tex///:!!/usr/share/texmf/tex///
Wrote /home/bastiaba/.emacs.d/extensions/auctex-11.87/preview/conftest-31447
=> NONE
/usr/bin/emacs -batch -no-site-file -eval (let* ((prefix(pop command-line-args-left)) (expanded(pop command-line-args-left)) (pathoutput(pop command-line-args-left))(x (catch 22
       (let (reldir (dirs (mapcar (lambda(x)
              (and (string-match "\\`!*\\(.*\\)/tex/latex//+\\'" x)
	           (match-string 1 x)))
      (append (split-string pathoutput ";")
             (split-string pathoutput ":")))))
	  (dolist (name (list nil) "NONE")
	    (dolist (dir dirs)
	      (when (and dir
	      	         (setq dir (directory-file-name dir))
                         (file-name-absolute-p dir)
	      	         (file-directory-p dir)
	                 (not (string-match "\\`\\.\\."
                           (setq reldir (file-relative-name dir expanded))))
			 (not (file-name-absolute-p reldir))
                         (let ((name name) (dir dir))
		           (while (and dir name
		                       (string= (file-name-nondirectory dir)
		                                (file-name-nondirectory name))
                              (setq dir (file-name-directory dir)
				   name (file-name-directory name))
			      (if (and dir name)
			         (setq dir (directory-file-name dir)
			              name (directory-file-name name)))))
		            (null name))
		   (throw 22
                      (if (string= reldir ".") (directory-file-name prefix)
                        (concat (file-name-as-directory prefix)
                                reldir))))))))))) (write-region (if (stringp x) x (prin1-to-string x)) nil "./conftest-31447")) /usr/share/texmf-local /usr/share/texmf-local .:/home/bastiaba/.texlive2007/texmf-config/tex/latex//:/home/bastiaba/.texlive2007/texmf-var/tex/latex//:/home/bastiaba/texmf/tex/latex//:/etc/texmf/tex/latex//:!!/var/lib/texmf/tex/latex//:!!/usr/local/share/texmf/tex/latex//:!!/usr/share/texmf/tex/latex//:!!/usr/share/texmf/tex/latex//:/home/bastiaba/.texlive2007/texmf-config/tex/generic//:/home/bastiaba/.texlive2007/texmf-var/tex/generic//:/home/bastiaba/texmf/tex/generic//:/etc/texmf/tex/generic//:!!/var/lib/texmf/tex/generic//:!!/usr/local/share/texmf/tex/generic//:!!/usr/share/texmf/tex/generic//:!!/usr/share/texmf/tex/generic//:/home/bastiaba/.texlive2007/texmf-config/tex///:/home/bastiaba/.texlive2007/texmf-var/tex///:/home/bastiaba/texmf/tex///:/etc/texmf/tex///:!!/var/lib/texmf/tex///:!!/usr/local/share/texmf/tex///:!!/usr/share/texmf/tex///:!!/usr/share/texmf/tex///
Wrote /home/bastiaba/.emacs.d/extensions/auctex-11.87/preview/conftest-31447
=> NONE
/usr/bin/emacs -batch -no-site-file -eval (let* ((prefix(pop command-line-args-left)) (expanded(pop command-line-args-left)) (pathoutput(pop command-line-args-left))(x (catch 22
       (let (reldir (dirs (mapcar (lambda(x)
              (and (string-match "\\`!*\\(.*\\)/tex/latex//+\\'" x)
	           (match-string 1 x)))
      (append (split-string pathoutput ";")
             (split-string pathoutput ":")))))
	  (dolist (name (list nil) "NONE")
	    (dolist (dir dirs)
	      (when (and dir
	      	         (setq dir (directory-file-name dir))
                         (file-name-absolute-p dir)
	      	         (file-directory-p dir)
	                 (not (string-match "\\`\\.\\."
                           (setq reldir (file-relative-name dir expanded))))
			 (not (file-name-absolute-p reldir))
                         (let ((name name) (dir dir))
		           (while (and dir name
		                       (string= (file-name-nondirectory dir)
		                                (file-name-nondirectory name))
                              (setq dir (file-name-directory dir)
				   name (file-name-directory name))
			      (if (and dir name)
			         (setq dir (directory-file-name dir)
			              name (directory-file-name name)))))
		            (null name))
		   (throw 22
                      (if (string= reldir ".") (directory-file-name prefix)
                        (concat (file-name-as-directory prefix)
                                reldir))))))))))) (write-region (if (stringp x) x (prin1-to-string x)) nil "./conftest-31447")) /usr/share/texmf /usr/share/texmf .:/home/bastiaba/.texlive2007/texmf-config/tex/latex//:/home/bastiaba/.texlive2007/texmf-var/tex/latex//:/home/bastiaba/texmf/tex/latex//:/etc/texmf/tex/latex//:!!/var/lib/texmf/tex/latex//:!!/usr/local/share/texmf/tex/latex//:!!/usr/share/texmf/tex/latex//:!!/usr/share/texmf/tex/latex//:/home/bastiaba/.texlive2007/texmf-config/tex/generic//:/home/bastiaba/.texlive2007/texmf-var/tex/generic//:/home/bastiaba/texmf/tex/generic//:/etc/texmf/tex/generic//:!!/var/lib/texmf/tex/generic//:!!/usr/local/share/texmf/tex/generic//:!!/usr/share/texmf/tex/generic//:!!/usr/share/texmf/tex/generic//:/home/bastiaba/.texlive2007/texmf-config/tex///:/home/bastiaba/.texlive2007/texmf-var/tex///:/home/bastiaba/texmf/tex///:/etc/texmf/tex///:!!/var/lib/texmf/tex///:!!/usr/local/share/texmf/tex///:!!/usr/share/texmf/tex///:!!/usr/share/texmf/tex///
Wrote /home/bastiaba/.emacs.d/extensions/auctex-11.87/preview/conftest-31447
=> /usr/share/texmf
configure:3178: result: /usr/share/texmf
configure:3281: checking for texhash
configure:3299: found /usr/bin/texhash
configure:3311: result: /usr/bin/texhash
configure:3321: checking for initexmf
configure:3348: result: /usr/bin/texhash
configure:3407: checking for glaring installation conflicts
/usr/bin/emacs -batch -eval (let* ((packagelispdir(pop command-line-args-left)) (previewstartfile(pop command-line-args-left))(x 
  (concat
    (and (setq tmp (locate-library "preview.elc"))
         (not (string= (file-truename tmp)
	               (file-truename (expand-file-name "preview.elc"
                                      packagelispdir))))
         (format "Conflicting previous installation in `%s' found!\n"
                 (file-name-directory tmp)))
    (and (setq tmp (locate-library "preview-latex.el"))
         (not (string= (file-truename tmp)
                       (file-truename previewstartfile)))
         (format "Conflicting previous startup file `%s' found!\n" tmp))))) (write-region (if (stringp x) x (prin1-to-string x)) nil "./conftest-31447")) /usr/share/emacs/site-lisp/preview /usr/share/emacs/site-lisp/site-start.d/preview-latex.el
Wrote /home/bastiaba/.emacs.d/extensions/auctex-11.87/preview/conftest-31447
=> 
configure:3469: result: probably none
configure:3691: creating ./config.status

## ---------------- ##
## Cache variables. ##
## ---------------- ##

EMACS_cv_ACCEPTABLE_AUCTEX=/usr/share/emacs/site-lisp
ac_cv_env_GS_set=
ac_cv_env_GS_value=
ac_cv_env_TEXHASH_set=
ac_cv_env_TEXHASH_value=
ac_cv_env_build_alias_set=
ac_cv_env_build_alias_value=
ac_cv_env_host_alias_set=
ac_cv_env_host_alias_value=
ac_cv_env_target_alias_set=
ac_cv_env_target_alias_value=
ac_cv_path_EMACS=/usr/bin/emacs
ac_cv_path_LATEX=/usr/bin/latex
ac_cv_path_PDFLATEX=/usr/bin/pdflatex
ac_cv_path_TEX=/usr/bin/tex
ac_cv_path_TEXHASH=/usr/bin/texhash
ac_cv_path_install='/usr/bin/install -c'
ac_cv_prog_GS=gs
ac_cv_prog_TEXHASH=/usr/bin/texhash
ac_cv_prog_make_make_set=yes

## ----------------- ##
## Output variables. ##
## ----------------- ##

DEFS='-DPACKAGE_NAME=\"preview-latex\" -DPACKAGE_TARNAME=\"preview-latex\" -DPACKAGE_VERSION=\"11.84\" -DPACKAGE_STRING=\"preview-latex\ 11.84\" -DPACKAGE_BUGREPORT=\"bug-auctex@gnu.org\"'
ECHO_C=''
ECHO_N='-n'
ECHO_T=''
EMACS='/usr/bin/emacs'
EMACS_FLAVOR='emacs'
GS='gs'
INSTALL_DATA='${INSTALL} -m 644'
INSTALL_PROGRAM='${INSTALL}'
INSTALL_SCRIPT='${INSTALL}'
LATEX='/usr/bin/latex'
LIBOBJS=''
LIBS=''
LTLIBOBJS=''
PACKAGE_BUGREPORT='bug-auctex@gnu.org'
PACKAGE_NAME='preview-latex'
PACKAGE_STRING='preview-latex 11.84'
PACKAGE_TARNAME='preview-latex'
PACKAGE_VERSION='11.84'
PATH_SEPARATOR=':'
PDFLATEX='/usr/bin/pdflatex'
PLAT_LISP='prv-emacs.el'
SET_MAKE=''
SHELL='/bin/sh'
TEX='/usr/bin/tex'
TEXHASH='/usr/bin/texhash'
TEXMFGEN='preview.sty prauctex.def prauctex.cfg prshowbox.def prshowlabels.def prtracingall.def prtightpage.def prlyx.def prcounters.def prfootnotes.def'
XEMACS='no'
auctexdir='/usr/share/emacs/site-lisp'
bindir='${exec_prefix}/bin'
build_alias=''
datadir='${datarootdir}'
datarootdir='${prefix}/share'
docdir='${datarootdir}/doc/${PACKAGE_TARNAME}'
dvidir='${docdir}'
exec_prefix='${prefix}'
host_alias=''
htmldir='${docdir}'
includedir='${prefix}/include'
infodir='${datarootdir}/info'
libdir='${exec_prefix}/lib'
libexecdir='${exec_prefix}/libexec'
lispGS=''
lispdir='/usr/share/emacs/site-lisp'
lisppackagedatadir='(expand-file-name "../preview" (file-name-directory load-file-name))'
lisppackagelispdir='(expand-file-name "../preview" (file-name-directory load-file-name))'
lisppackagetexstyles=''
localedir='${datarootdir}/locale'
localstatedir='${prefix}/var'
mandir='${datarootdir}/man'
oldincludedir='/usr/include'
packagedatadir='/usr/share/emacs/site-lisp/preview'
packagedir='no'
packagelispdir='/usr/share/emacs/site-lisp/preview'
packagetexstyles=''
pdfdir='${docdir}'
prefix='/usr/local'
previewdocdir='/usr/share/texmf/doc/latex/styles'
previewstartfile='/usr/share/emacs/site-lisp/site-start.d/preview-latex.el'
previewtexmfdir='/usr/share/texmf/tex/latex/preview'
program_transform_name='s,x,x,'
psdir='${docdir}'
sbindir='${exec_prefix}/sbin'
sharedstatedir='${prefix}/com'
sysconfdir='${prefix}/etc'
target_alias=''
texmfdir='/usr/share/texmf'

## ----------- ##
## confdefs.h. ##
## ----------- ##

#define PACKAGE_NAME "preview-latex"
#define PACKAGE_TARNAME "preview-latex"
#define PACKAGE_VERSION "11.84"
#define PACKAGE_STRING "preview-latex 11.84"
#define PACKAGE_BUGREPORT "bug-auctex@gnu.org"

configure: exit 0

## ---------------------- ##
## Running config.status. ##
## ---------------------- ##

This file was extended by preview-latex config.status 11.84, which was
generated by GNU Autoconf 2.63.  Invocation command line was

  CONFIG_FILES    = 
  CONFIG_HEADERS  = 
  CONFIG_LINKS    = 
  CONFIG_COMMANDS = 
  $ ./config.status 

on pulsar.inf.ethz.ch

config.status:665: creating Makefile
config.status:665: creating auto.el
config.status:665: creating latex/Makefile
