This file contains any messages produced by compilers while
running configure, to aid debugging if configure makes a mistake.

It was created by BBDB configure 2.34, which was
generated by GNU Autoconf 2.50.  Invocation command line was

  $ ./configure 

## ---------- ##
## Platform.  ##
## ---------- ##

hostname = pulsar.inf.ethz.ch
uname -m = x86_64
uname -r = 2.6.32-358.2.1.el6.x86_64
uname -s = Linux
uname -v = #1 SMP Wed Feb 20 12:17:37 EST 2013

/usr/bin/uname -p = unknown
/bin/uname -X     = unknown

/bin/arch              = x86_64
/usr/bin/arch -k       = unknown
/usr/convex/getsysinfo = unknown
hostinfo               = unknown
/bin/machine           = unknown
/usr/bin/oslevel       = unknown
/bin/universe          = unknown

PATH = /usr/lib64/qt-3.3/bin:/usr/local/bin:/usr/bin:/bin:/home/bastiaba/bin:/usr/local/sbin:/usr/sbin:/sbin:/opt/depot_tools:/home/bastiaba/bin:/opt/depot_tools

## ------------ ##
## Core tests.  ##
## ------------ ##

configure:887: PATH=".;."; conftest.sh
./configure: line 888: conftest.sh: command not found
configure:890: $? = 127
configure:901: checking whether make sets ${MAKE}
configure:921: result: yes
configure:967: checking for a BSD compatible install
configure:1016: result: /usr/bin/install -c
configure:1027: checking whether ln -s works
configure:1031: result: yes
configure:1040: checking for rm
configure:1057: found /bin/rm
configure:1069: result: /bin/rm
configure:1076: checking for my keys
configure:1078: result: not found
configure:1086: checking for gtar
configure:1101: found /bin/gtar
configure:1109: result: gtar
configure:1141: checking for gzip
configure:1156: found /usr/bin/gzip
configure:1164: result: gzip
configure:1188: checking for makeinfo
configure:1203: found /usr/bin/makeinfo
configure:1211: result: makeinfo
configure:1226: checking for texi2dvi
configure:1252: result: no
configure:1257: WARNING: *** No texi2dvi program found.
configure:1259: WARNING: *** DVI and PDF files will not be built.
configure:1264: checking for etags
configure:1279: found /usr/bin/etags
configure:1287: result: etags
configure:1310: checking for emacs
configure:1325: found /usr/bin/emacs
configure:1333: result: emacs
configure:1563: creating ./config.status

## ----------------------- ##
## Running config.status.  ##
## ----------------------- ##

This file was extended by config.status (BBDB 2.34) 2.50, executed with
  > ./config.status 
on pulsar.inf.ethz.ch

config.status:1993: creating Makefile
config.status:1993: creating lisp/Makefile
config.status:1993: creating texinfo/Makefile
config.status:1993: creating tex/Makefile
config.status:1993: creating utils/Makefile

## ----------------- ##
## Cache variables.  ##
## ----------------- ##

ac_cv_env_build_alias_set=
ac_cv_env_build_alias_value=
ac_cv_env_host_alias_set=
ac_cv_env_host_alias_value=
ac_cv_env_target_alias_set=
ac_cv_env_target_alias_value=
ac_cv_path_RM=/bin/rm
ac_cv_path_install='/usr/bin/install -c'
ac_cv_prog_COMPRESS=gzip
ac_cv_prog_EMACS_PROG=emacs
ac_cv_prog_ETAGS=etags
ac_cv_prog_MAKEINFO=makeinfo
ac_cv_prog_TAR=gtar
ac_cv_prog_make_make_set=yes


configure: exit 0
